Build started 11/8/2020 21:18:32.
     1>Project "C:\.justNEWit\Github\21DaysCPP\Day01\Sample2.3\Sample2.3\Sample2.3.vcxproj" on node 2 (build target(s)).
     1>PrepareForBuild:
         Creating directory "C:\.justNEWit\Github\21DaysCPP\Day01\Sample2.3\Release\".
       InitializeBuildStatus:
         Creating "Release\Sample2.3.unsuccessfulbuild" because "AlwaysCreate" was specified.
       ClCompile:
         C:\Program Files (x86)\Microsoft Visual Studio 10.0\VC\bin\CL.exe /c /Zi /nologo /W3 /WX- /O2 /Oi /Oy- /GL /D WIN32 /D NDEBUG /D _CONSOLE /D _UNICODE /D UNICODE /Gm- /EHsc /MD /GS /Gy /fp:precise /Zc:wchar_t /Zc:forScope /Fo"Release\\" /Fd"Release\vc100.pdb" /Gd /TP /analyze- /errorReport:prompt Sample2.3.cpp
         Sample2.3.cpp
       Link:
         C:\Program Files (x86)\Microsoft Visual Studio 10.0\VC\bin\link.exe /ERRORREPORT:PROMPT /OUT:"C:\.justNEWit\Github\21DaysCPP\Day01\Sample2.3\Release\Sample2.3.exe" /INCREMENTAL:NO /NOLOGO kernel32.lib user32.lib gdi32.lib winspool.lib comdlg32.lib advapi32.lib shell32.lib ole32.lib oleaut32.lib uuid.lib odbc32.lib odbccp32.lib /MANIFEST /ManifestFile:"Release\Sample2.3.exe.intermediate.manifest" /MANIFESTUAC:"level='asInvoker' uiAccess='false'" /DEBUG /PDB:"C:\.justNEWit\Github\21DaysCPP\Day01\Sample2.3\Release\Sample2.3.pdb" /SUBSYSTEM:CONSOLE /OPT:REF /OPT:ICF /LTCG /TLBID:1 /DYNAMICBASE /NXCOMPAT /IMPLIB:"C:\.justNEWit\Github\21DaysCPP\Day01\Sample2.3\Release\Sample2.3.lib" /MACHINE:X86 Release\Sample2.3.obj
         Generating code
         Finished generating code
         Sample2.3.vcxproj -> C:\.justNEWit\Github\21DaysCPP\Day01\Sample2.3\Release\Sample2.3.exe
       Manifest:
         C:\Program Files (x86)\Microsoft SDKs\Windows\v7.0A\bin\mt.exe /nologo /verbose /outputresource:"C:\.justNEWit\Github\21DaysCPP\Day01\Sample2.3\Release\Sample2.3.exe;#1" /manifest Release\Sample2.3.exe.intermediate.manifest
       FinalizeBuildStatus:
         Deleting file "Release\Sample2.3.unsuccessfulbuild".
         Touching "Release\Sample2.3.lastbuildstate".
     1>Done Building Project "C:\.justNEWit\Github\21DaysCPP\Day01\Sample2.3\Sample2.3\Sample2.3.vcxproj" (build target(s)).

生成成功。

Time Elapsed 00:00:03.25
