Build started 2/12/2021 00:52:42.
     1>Project "C:\.justNEWit\Github\21DaysCPP\Day01\Sample2.1\Sample2.1\Sample2.1.vcxproj" on node 2 (build target(s)).
     1>InitializeBuildStatus:
         Creating "Release\Sample2.1.unsuccessfulbuild" because "AlwaysCreate" was specified.
       ClCompile:
         C:\Program Files (x86)\Microsoft Visual Studio 10.0\VC\bin\CL.exe /c /Zi /nologo /W3 /WX- /O2 /Oi /Oy- /GL /D WIN32 /D NDEBUG /D _CONSOLE /D _UNICODE /D UNICODE /Gm- /EHsc /MD /GS /Gy /fp:precise /Zc:wchar_t /Zc:forScope /Fo"Release\\" /Fd"Release\vc100.pdb" /Gd /TP /analyze- /errorReport:prompt Sample2.1.cpp
         Sample2.1.cpp
       Link:
         C:\Program Files (x86)\Microsoft Visual Studio 10.0\VC\bin\link.exe /ERRORREPORT:PROMPT /OUT:"C:\.justNEWit\Github\21DaysCPP\Day01\Sample2.1\Release\Sample2.1.exe" /INCREMENTAL:NO /NOLOGO kernel32.lib user32.lib gdi32.lib winspool.lib comdlg32.lib advapi32.lib shell32.lib ole32.lib oleaut32.lib uuid.lib odbc32.lib odbccp32.lib /MANIFEST /ManifestFile:"Release\Sample2.1.exe.intermediate.manifest" /MANIFESTUAC:"level='asInvoker' uiAccess='false'" /DEBUG /PDB:"C:\.justNEWit\Github\21DaysCPP\Day01\Sample2.1\Release\Sample2.1.pdb" /SUBSYSTEM:CONSOLE /OPT:REF /OPT:ICF /LTCG /TLBID:1 /DYNAMICBASE /NXCOMPAT /IMPLIB:"C:\.justNEWit\Github\21DaysCPP\Day01\Sample2.1\Release\Sample2.1.lib" /MACHINE:X86 Release\Sample2.1.obj
         Generating code
         Finished generating code
         Sample2.1.vcxproj -> C:\.justNEWit\Github\21DaysCPP\Day01\Sample2.1\Release\Sample2.1.exe
       Manifest:
         C:\Program Files (x86)\Microsoft SDKs\Windows\v7.0A\bin\mt.exe /nologo /verbose /outputresource:"C:\.justNEWit\Github\21DaysCPP\Day01\Sample2.1\Release\Sample2.1.exe;#1" /manifest Release\Sample2.1.exe.intermediate.manifest
       FinalizeBuildStatus:
         Deleting file "Release\Sample2.1.unsuccessfulbuild".
         Touching "Release\Sample2.1.lastbuildstate".
     1>Done Building Project "C:\.justNEWit\Github\21DaysCPP\Day01\Sample2.1\Sample2.1\Sample2.1.vcxproj" (build target(s)).

生成成功。

Time Elapsed 00:00:03.86
