Build started 11/8/2020 21:16:44.
     1>Project "C:\.justNEWit\Github\21DaysCPP\Day01\Sample2.2\Sample2.2\Sample2.2.vcxproj" on node 2 (build target(s)).
     1>PrepareForBuild:
         Creating directory "C:\.justNEWit\Github\21DaysCPP\Day01\Sample2.2\Debug\".
       InitializeBuildStatus:
         Creating "Debug\Sample2.2.unsuccessfulbuild" because "AlwaysCreate" was specified.
       ClCompile:
         C:\Program Files (x86)\Microsoft Visual Studio 10.0\VC\bin\CL.exe /c /ZI /nologo /W3 /WX- /Od /Oy- /D WIN32 /D _DEBUG /D _CONSOLE /D _UNICODE /D UNICODE /Gm /EHsc /RTC1 /MDd /GS /fp:precise /Zc:wchar_t /Zc:forScope /Fo"Debug\\" /Fd"Debug\vc100.pdb" /Gd /TP /analyze- /errorReport:prompt Sample2.2.cpp
         Sample2.2.cpp
       ManifestResourceCompile:
         C:\Program Files (x86)\Microsoft SDKs\Windows\v7.0A\bin\rc.exe /nologo /fo"Debug\Sample2.2.exe.embed.manifest.res" Debug\Sample2.2_manifest.rc 
       Link:
         C:\Program Files (x86)\Microsoft Visual Studio 10.0\VC\bin\link.exe /ERRORREPORT:PROMPT /OUT:"C:\.justNEWit\Github\21DaysCPP\Day01\Sample2.2\Debug\Sample2.2.exe" /INCREMENTAL /NOLOGO kernel32.lib user32.lib gdi32.lib winspool.lib comdlg32.lib advapi32.lib shell32.lib ole32.lib oleaut32.lib uuid.lib odbc32.lib odbccp32.lib /MANIFEST /ManifestFile:"Debug\Sample2.2.exe.intermediate.manifest" /MANIFESTUAC:"level='asInvoker' uiAccess='false'" /DEBUG /PDB:"C:\.justNEWit\Github\21DaysCPP\Day01\Sample2.2\Debug\Sample2.2.pdb" /SUBSYSTEM:CONSOLE /TLBID:1 /DYNAMICBASE /NXCOMPAT /IMPLIB:"C:\.justNEWit\Github\21DaysCPP\Day01\Sample2.2\Debug\Sample2.2.lib" /MACHINE:X86 Debug\Sample2.2.exe.embed.manifest.res
         Debug\Sample2.2.obj
       Manifest:
         C:\Program Files (x86)\Microsoft SDKs\Windows\v7.0A\bin\mt.exe /nologo /verbose /out:"Debug\Sample2.2.exe.embed.manifest" /manifest Debug\Sample2.2.exe.intermediate.manifest
         C:\Program Files (x86)\Microsoft SDKs\Windows\v7.0A\bin\rc.exe /nologo /fo"Debug\Sample2.2.exe.embed.manifest.res" Debug\Sample2.2_manifest.rc 
       LinkEmbedManifest:
         C:\Program Files (x86)\Microsoft Visual Studio 10.0\VC\bin\link.exe /ERRORREPORT:PROMPT /OUT:"C:\.justNEWit\Github\21DaysCPP\Day01\Sample2.2\Debug\Sample2.2.exe" /INCREMENTAL /NOLOGO kernel32.lib user32.lib gdi32.lib winspool.lib comdlg32.lib advapi32.lib shell32.lib ole32.lib oleaut32.lib uuid.lib odbc32.lib odbccp32.lib /MANIFEST /ManifestFile:"Debug\Sample2.2.exe.intermediate.manifest" /MANIFESTUAC:"level='asInvoker' uiAccess='false'" /DEBUG /PDB:"C:\.justNEWit\Github\21DaysCPP\Day01\Sample2.2\Debug\Sample2.2.pdb" /SUBSYSTEM:CONSOLE /TLBID:1 /DYNAMICBASE /NXCOMPAT /IMPLIB:"C:\.justNEWit\Github\21DaysCPP\Day01\Sample2.2\Debug\Sample2.2.lib" /MACHINE:X86 Debug\Sample2.2.exe.embed.manifest.res
         Debug\Sample2.2.obj
         Sample2.2.vcxproj -> C:\.justNEWit\Github\21DaysCPP\Day01\Sample2.2\Debug\Sample2.2.exe
       FinalizeBuildStatus:
         Deleting file "Debug\Sample2.2.unsuccessfulbuild".
         Touching "Debug\Sample2.2.lastbuildstate".
     1>Done Building Project "C:\.justNEWit\Github\21DaysCPP\Day01\Sample2.2\Sample2.2\Sample2.2.vcxproj" (build target(s)).

生成成功。

Time Elapsed 00:00:05.09
